<?xml version="1.0" encoding="UTF-8"?>
<!-- Generated by org.testng.reporters.JUnitReportReporter -->
<testsuite hostname="DESKTOP-09N65F0" failures="0" tests="1" name="practice.TestNGPractice" time="0.009" errors="0" timestamp="2024-03-01T11:03:29 IST" skipped="0">
  <testcase classname="practice.TestNGPractice" name="tc_001" time="0.009"/>
  <system-out/>
</testsuite> <!-- practice.TestNGPractice -->
